TN:
SF:src\IndexedDBStrategy.js
FN:2,(anonymous_0)
FN:8,(anonymous_1)
FN:9,(anonymous_2)
FN:12,(anonymous_3)
FN:13,(anonymous_4)
FN:18,(anonymous_5)
FN:33,(anonymous_6)
FN:36,(anonymous_7)
FN:41,(anonymous_8)
FN:42,(anonymous_9)
FN:46,(anonymous_10)
FN:49,(anonymous_11)
FN:54,(anonymous_12)
FN:55,(anonymous_13)
FN:59,(anonymous_14)
FN:62,(anonymous_15)
FN:70,(anonymous_16)
FN:71,(anonymous_17)
FN:74,(anonymous_18)
FN:75,(anonymous_19)
FN:77,(anonymous_20)
FN:78,(anonymous_21)
FN:80,(anonymous_22)
FN:92,(anonymous_23)
FN:95,(anonymous_24)
FN:103,(anonymous_25)
FN:104,(anonymous_26)
FN:108,(anonymous_27)
FN:114,(anonymous_28)
FNF:29
FNH:0
FNDA:0,(anonymous_0)
FNDA:0,(anonymous_1)
FNDA:0,(anonymous_2)
FNDA:0,(anonymous_3)
FNDA:0,(anonymous_4)
FNDA:0,(anonymous_5)
FNDA:0,(anonymous_6)
FNDA:0,(anonymous_7)
FNDA:0,(anonymous_8)
FNDA:0,(anonymous_9)
FNDA:0,(anonymous_10)
FNDA:0,(anonymous_11)
FNDA:0,(anonymous_12)
FNDA:0,(anonymous_13)
FNDA:0,(anonymous_14)
FNDA:0,(anonymous_15)
FNDA:0,(anonymous_16)
FNDA:0,(anonymous_17)
FNDA:0,(anonymous_18)
FNDA:0,(anonymous_19)
FNDA:0,(anonymous_20)
FNDA:0,(anonymous_21)
FNDA:0,(anonymous_22)
FNDA:0,(anonymous_23)
FNDA:0,(anonymous_24)
FNDA:0,(anonymous_25)
FNDA:0,(anonymous_26)
FNDA:0,(anonymous_27)
FNDA:0,(anonymous_28)
DA:3,0
DA:4,0
DA:5,0
DA:9,0
DA:10,0
DA:12,0
DA:13,0
DA:14,0
DA:15,0
DA:18,0
DA:19,0
DA:21,0
DA:22,0
DA:25,0
DA:26,0
DA:27,0
DA:34,0
DA:36,0
DA:37,0
DA:38,0
DA:39,0
DA:41,0
DA:42,0
DA:47,0
DA:49,0
DA:50,0
DA:51,0
DA:52,0
DA:54,0
DA:55,0
DA:60,0
DA:62,0
DA:63,0
DA:64,0
DA:65,0
DA:67,0
DA:68,0
DA:70,0
DA:71,0
DA:73,0
DA:75,0
DA:78,0
DA:81,0
DA:82,0
DA:83,0
DA:84,0
DA:86,0
DA:93,0
DA:95,0
DA:96,0
DA:97,0
DA:98,0
DA:100,0
DA:101,0
DA:103,0
DA:104,0
DA:106,0
DA:108,0
DA:109,0
DA:110,0
DA:111,0
DA:114,0
DA:115,0
DA:116,0
DA:117,0
DA:119,0
LF:66
LH:0
BRDA:2,0,0,0
BRDA:2,1,0,0
BRDA:21,2,0,0
BRDA:21,2,1,0
BRDA:25,3,0,0
BRDA:25,3,1,0
BRDA:34,4,0,0
BRDA:34,4,1,0
BRDA:47,5,0,0
BRDA:47,5,1,0
BRDA:60,6,0,0
BRDA:60,6,1,0
BRDA:81,7,0,0
BRDA:81,7,1,0
BRDA:83,8,0,0
BRDA:83,8,1,0
BRDA:93,9,0,0
BRDA:93,9,1,0
BRDA:109,10,0,0
BRDA:109,10,1,0
BRDA:115,11,0,0
BRDA:115,11,1,0
BRF:22
BRH:0
end_of_record
TN:
SF:src\LocalStorageStrategy.js
FN:2,(anonymous_0)
FN:10,(anonymous_1)
FN:16,(anonymous_2)
FN:22,(anonymous_3)
FNF:4
FNH:4
FNDA:1,(anonymous_0)
FNDA:1,(anonymous_1)
FNDA:6,(anonymous_2)
FNDA:2,(anonymous_3)
DA:3,1
DA:4,1
DA:5,1
DA:6,1
DA:7,1
DA:11,1
DA:12,1
DA:13,1
DA:17,6
DA:18,6
DA:19,6
DA:23,2
DA:24,2
DA:25,2
DA:26,12
DA:27,12
DA:28,6
DA:29,6
DA:32,2
LF:19
LH:19
BRDA:27,0,0,6
BRDA:27,0,1,6
BRF:2
BRH:2
end_of_record
TN:
SF:src\StorageManager.js
FN:8,(anonymous_0)
FN:22,(anonymous_1)
FN:29,(anonymous_2)
FN:37,(anonymous_3)
FN:41,(anonymous_4)
FN:45,(anonymous_5)
FN:49,(anonymous_6)
FNF:7
FNH:6
FNDA:1,(anonymous_0)
FNDA:10,(anonymous_1)
FNDA:0,(anonymous_2)
FNDA:1,(anonymous_3)
FNDA:1,(anonymous_4)
FNDA:6,(anonymous_5)
FNDA:2,(anonymous_6)
DA:5,1
DA:6,1
DA:9,1
DA:10,0
DA:13,1
DA:14,0
DA:16,1
DA:19,1
DA:23,10
DA:24,1
DA:26,10
DA:30,0
DA:31,0
DA:33,0
DA:38,1
DA:42,1
DA:46,6
DA:50,2
LF:18
LH:13
BRDA:8,0,0,0
BRDA:9,1,0,0
BRDA:9,1,1,1
BRDA:13,2,0,0
BRDA:13,2,1,1
BRDA:22,3,0,0
BRDA:23,4,0,1
BRDA:23,4,1,9
BRDA:30,5,0,0
BRDA:30,5,1,0
BRF:10
BRH:4
end_of_record
TN:
SF:src\drill.js
FN:8,(anonymous_0)
FN:23,(anonymous_1)
FN:33,(anonymous_2)
FN:63,(anonymous_3)
FN:69,(anonymous_4)
FN:75,(anonymous_5)
FNF:6
FNH:6
FNDA:51,(anonymous_0)
FNDA:4,(anonymous_1)
FNDA:4,(anonymous_2)
FNDA:10,(anonymous_3)
FNDA:10,(anonymous_4)
FNDA:4,(anonymous_5)
DA:10,51
DA:11,51
DA:12,51
DA:14,0
DA:16,51
DA:17,51
DA:18,51
DA:19,51
DA:20,51
DA:24,4
DA:26,4
DA:27,4
DA:28,4
DA:29,4
DA:30,4
DA:34,4
DA:35,4
DA:36,4
DA:50,4
DA:51,4
DA:53,4
DA:54,4
DA:56,4
DA:57,4
DA:59,4
DA:64,10
DA:65,10
DA:70,10
DA:71,10
DA:72,10
DA:76,4
LF:31
LH:30
BRDA:8,0,0,0
BRDA:8,1,0,0
BRDA:8,2,0,0
BRDA:8,3,0,0
BRDA:10,4,0,51
BRDA:10,4,1,0
BRDA:69,5,0,0
BRDA:71,6,0,0
BRDA:71,6,1,10
BRDA:75,7,0,0
BRDA:75,8,0,0
BRF:11
BRH:2
end_of_record
TN:
SF:src\storage.js
FN:4,(anonymous_0)
FN:8,(anonymous_1)
FN:12,(anonymous_2)
FN:16,(anonymous_3)
FN:20,(anonymous_4)
FNF:5
FNH:5
FNDA:10,(anonymous_0)
FNDA:1,(anonymous_1)
FNDA:1,(anonymous_2)
FNDA:6,(anonymous_3)
FNDA:2,(anonymous_4)
DA:5,10
DA:9,1
DA:13,1
DA:17,6
DA:21,2
LF:5
LH:5
BRDA:4,0,0,10
BRF:1
BRH:1
end_of_record
TN:
SF:src\training.js
FN:4,(anonymous_0)
FN:19,(anonymous_1)
FN:25,(anonymous_2)
FN:31,(anonymous_3)
FN:39,(anonymous_4)
FN:40,(anonymous_5)
FN:52,(anonymous_6)
FN:72,(anonymous_7)
FN:83,(anonymous_8)
FN:95,(anonymous_9)
FN:108,(anonymous_10)
FN:116,(anonymous_11)
FN:120,(anonymous_12)
FNF:13
FNH:12
FNDA:31,(anonymous_0)
FNDA:51,(anonymous_1)
FNDA:2,(anonymous_2)
FNDA:1,(anonymous_3)
FNDA:12,(anonymous_4)
FNDA:22,(anonymous_5)
FNDA:3,(anonymous_6)
FNDA:1,(anonymous_7)
FNDA:10,(anonymous_8)
FNDA:5,(anonymous_9)
FNDA:1,(anonymous_10)
FNDA:0,(anonymous_11)
FNDA:3,(anonymous_12)
DA:6,31
DA:7,0
DA:8,0
DA:10,31
DA:11,31
DA:13,31
DA:14,31
DA:15,31
DA:16,31
DA:20,51
DA:21,51
DA:22,51
DA:27,2
DA:28,2
DA:32,1
DA:33,1
DA:34,4
DA:36,1
DA:40,12
DA:41,22
DA:42,0
DA:45,22
DA:46,0
DA:48,22
DA:53,3
DA:54,3
DA:68,3
DA:69,3
DA:73,1
DA:74,1
DA:75,1
DA:76,4
DA:77,2
DA:80,1
DA:84,10
DA:85,10
DA:86,10
DA:87,26
DA:88,3
DA:89,3
DA:92,10
DA:96,5
DA:97,5
DA:98,5
DA:99,5
DA:100,0
DA:101,0
DA:102,0
DA:103,0
DA:105,5
DA:109,1
DA:110,1
DA:111,4
DA:113,1
DA:117,0
DA:121,3
DA:122,3
DA:123,3
LF:58
LH:49
BRDA:4,0,0,28
BRDA:4,1,0,31
BRDA:4,2,0,31
BRDA:6,3,0,0
BRDA:6,3,1,31
BRDA:41,4,0,0
BRDA:41,4,1,22
BRDA:45,5,0,0
BRDA:45,5,1,22
BRDA:76,6,0,2
BRDA:76,6,1,2
BRDA:87,7,0,3
BRDA:87,7,1,23
BRDA:99,8,0,0
BRDA:99,8,1,5
BRF:15
BRH:11
end_of_record
