<?xml version="1.0" encoding="UTF-8"?>
<coverage generated="1779701399780" clover="3.2.0">
  <project timestamp="1779701399780" name="All files">
    <metrics statements="111" coveredstatements="111" conditionals="29" coveredconditionals="29" methods="22" coveredmethods="22" elements="162" coveredelements="162" complexity="0" loc="111" ncloc="111" packages="1" files="2" classes="2"/>
    <file name="athlete.js" path="C:\Users\arsen\Documents\triathlon-app\src\athlete.js">
      <metrics statements="42" coveredstatements="42" conditionals="14" coveredconditionals="14" methods="7" coveredmethods="7"/>
      <line num="12" count="107" type="stmt"/>
      <line num="13" count="107" type="stmt"/>
      <line num="14" count="107" type="stmt"/>
      <line num="15" count="107" type="stmt"/>
      <line num="16" count="107" type="stmt"/>
      <line num="17" count="107" type="stmt"/>
      <line num="18" count="107" type="stmt"/>
      <line num="19" count="107" type="stmt"/>
      <line num="20" count="107" type="stmt"/>
      <line num="24" count="6" type="stmt"/>
      <line num="25" count="6" type="stmt"/>
      <line num="26" count="6" type="stmt"/>
      <line num="27" count="6" type="stmt"/>
      <line num="28" count="6" type="stmt"/>
      <line num="29" count="6" type="stmt"/>
      <line num="33" count="56" type="stmt"/>
      <line num="34" count="56" type="stmt"/>
      <line num="38" count="48" type="stmt"/>
      <line num="39" count="48" type="stmt"/>
      <line num="40" count="48" type="stmt"/>
      <line num="41" count="48" type="stmt"/>
      <line num="45" count="4" type="stmt"/>
      <line num="46" count="4" type="stmt"/>
      <line num="47" count="4" type="stmt"/>
      <line num="48" count="4" type="stmt"/>
      <line num="49" count="4" type="stmt"/>
      <line num="53" count="14" type="stmt"/>
      <line num="54" count="14" type="stmt"/>
      <line num="56" count="14" type="cond" truecount="2" falsecount="0"/>
      <line num="57" count="1" type="stmt"/>
      <line num="60" count="13" type="cond" truecount="4" falsecount="0"/>
      <line num="61" count="1" type="stmt"/>
      <line num="65" count="12" type="cond" truecount="2" falsecount="0"/>
      <line num="66" count="1" type="stmt"/>
      <line num="70" count="11" type="stmt"/>
      <line num="71" count="11" type="stmt"/>
      <line num="76" count="11" type="cond" truecount="2" falsecount="0"/>
      <line num="77" count="7" type="stmt"/>
      <line num="78" count="7" type="stmt"/>
      <line num="81" count="7" type="stmt"/>
      <line num="84" count="4" type="stmt"/>
      <line num="85" count="4" type="stmt"/>
    </file>
    <file name="triathlon.js" path="C:\Users\arsen\Documents\triathlon-app\src\triathlon.js">
      <metrics statements="69" coveredstatements="69" conditionals="15" coveredconditionals="15" methods="15" coveredmethods="15"/>
      <line num="11" count="53" type="stmt"/>
      <line num="12" count="53" type="stmt"/>
      <line num="13" count="53" type="stmt"/>
      <line num="14" count="53" type="stmt"/>
      <line num="15" count="53" type="stmt"/>
      <line num="16" count="53" type="stmt"/>
      <line num="17" count="53" type="stmt"/>
      <line num="21" count="77" type="stmt"/>
      <line num="22" count="77" type="stmt"/>
      <line num="23" count="77" type="stmt"/>
      <line num="27" count="3" type="stmt"/>
      <line num="28" count="3" type="stmt"/>
      <line num="32" count="18" type="stmt"/>
      <line num="33" count="84" type="cond" truecount="2" falsecount="0"/>
      <line num="34" count="37" type="stmt"/>
      <line num="37" count="47" type="cond" truecount="2" falsecount="0"/>
      <line num="38" count="45" type="stmt"/>
      <line num="41" count="2" type="stmt"/>
      <line num="42" count="2" type="stmt"/>
      <line num="47" count="4" type="stmt"/>
      <line num="48" count="4" type="stmt"/>
      <line num="62" count="4" type="stmt"/>
      <line num="63" count="4" type="stmt"/>
      <line num="67" count="13" type="stmt"/>
      <line num="68" count="13" type="stmt"/>
      <line num="69" count="13" type="stmt"/>
      <line num="70" count="31" type="cond" truecount="2" falsecount="0"/>
      <line num="71" count="10" type="stmt"/>
      <line num="72" count="10" type="stmt"/>
      <line num="76" count="13" type="stmt"/>
      <line num="80" count="50" type="stmt"/>
      <line num="84" count="1" type="stmt"/>
      <line num="85" count="1" type="stmt"/>
      <line num="86" count="1" type="stmt"/>
      <line num="87" count="4" type="stmt"/>
      <line num="90" count="1" type="stmt"/>
      <line num="94" count="8" type="stmt"/>
      <line num="95" count="8" type="stmt"/>
      <line num="96" count="32" type="stmt"/>
      <line num="99" count="8" type="stmt"/>
      <line num="100" count="8" type="stmt"/>
      <line num="104" count="6" type="stmt"/>
      <line num="105" count="6" type="stmt"/>
      <line num="106" count="6" type="stmt"/>
      <line num="107" count="6" type="stmt"/>
      <line num="108" count="6" type="stmt"/>
      <line num="112" count="1" type="stmt"/>
      <line num="113" count="1" type="stmt"/>
      <line num="114" count="1" type="stmt"/>
      <line num="115" count="4" type="cond" truecount="2" falsecount="0"/>
      <line num="116" count="2" type="stmt"/>
      <line num="120" count="1" type="stmt"/>
      <line num="121" count="1" type="stmt"/>
      <line num="125" count="5" type="stmt"/>
      <line num="126" count="5" type="stmt"/>
      <line num="127" count="5" type="cond" truecount="2" falsecount="0"/>
      <line num="128" count="3" type="stmt"/>
      <line num="129" count="3" type="stmt"/>
      <line num="130" count="3" type="stmt"/>
      <line num="132" count="2" type="stmt"/>
      <line num="137" count="2" type="stmt"/>
      <line num="138" count="2" type="stmt"/>
      <line num="142" count="2" type="stmt"/>
      <line num="143" count="2" type="stmt"/>
      <line num="144" count="1" type="stmt"/>
      <line num="145" count="1" type="stmt"/>
      <line num="146" count="1" type="stmt"/>
      <line num="147" count="1" type="stmt"/>
      <line num="149" count="2" type="stmt"/>
    </file>
  </project>
</coverage>
