TN:
SF:src\drill.js
FN:8,(anonymous_0)
FN:17,(anonymous_1)
FN:27,(anonymous_2)
FN:57,(anonymous_3)
FN:63,(anonymous_4)
FN:68,(anonymous_5)
FNF:6
FNH:0
FNDA:0,(anonymous_0)
FNDA:0,(anonymous_1)
FNDA:0,(anonymous_2)
FNDA:0,(anonymous_3)
FNDA:0,(anonymous_4)
FNDA:0,(anonymous_5)
DA:9,0
DA:10,0
DA:11,0
DA:12,0
DA:13,0
DA:14,0
DA:18,0
DA:20,0
DA:21,0
DA:22,0
DA:23,0
DA:24,0
DA:28,0
DA:29,0
DA:30,0
DA:44,0
DA:45,0
DA:47,0
DA:48,0
DA:50,0
DA:51,0
DA:53,0
DA:58,0
DA:59,0
DA:64,0
DA:65,0
DA:70,0
LF:27
LH:0
BRDA:8,0,0,0
BRDA:8,1,0,0
BRDA:8,2,0,0
BRDA:8,3,0,0
BRF:4
BRH:0
end_of_record
TN:
SF:src\storage.js
FN:2,(anonymous_0)
FN:10,(anonymous_1)
FN:16,(anonymous_2)
FN:22,(anonymous_3)
FNF:4
FNH:0
FNDA:0,(anonymous_0)
FNDA:0,(anonymous_1)
FNDA:0,(anonymous_2)
FNDA:0,(anonymous_3)
DA:3,0
DA:4,0
DA:5,0
DA:6,0
DA:7,0
DA:11,0
DA:12,0
DA:13,0
DA:17,0
DA:18,0
DA:19,0
DA:23,0
DA:24,0
DA:25,0
DA:26,0
DA:27,0
DA:28,0
DA:29,0
DA:32,0
LF:19
LH:0
BRDA:27,0,0,0
BRDA:27,0,1,0
BRF:2
BRH:0
end_of_record
TN:
SF:src\training.js
FN:5,(anonymous_0)
FN:15,(anonymous_1)
FN:22,(anonymous_2)
FN:28,(anonymous_3)
FN:36,(anonymous_4)
FN:37,(anonymous_5)
FN:69,(anonymous_6)
FN:80,(anonymous_7)
FN:92,(anonymous_8)
FN:118,(anonymous_9)
FNF:10
FNH:1
FNDA:27,(anonymous_0)
FNDA:0,(anonymous_1)
FNDA:0,(anonymous_2)
FNDA:0,(anonymous_3)
FNDA:0,(anonymous_4)
FNDA:0,(anonymous_5)
FNDA:0,(anonymous_6)
FNDA:0,(anonymous_7)
FNDA:0,(anonymous_8)
FNDA:0,(anonymous_9)
DA:7,27
DA:8,0
DA:9,0
DA:10,0
DA:11,0
DA:12,0
DA:16,0
DA:17,0
DA:18,0
DA:24,0
DA:25,0
DA:29,0
DA:30,0
DA:31,0
DA:33,0
DA:37,0
DA:38,0
DA:39,0
DA:42,0
DA:43,0
DA:45,0
DA:70,0
DA:71,0
DA:72,0
DA:73,0
DA:74,0
DA:77,0
DA:81,0
DA:82,0
DA:83,0
DA:84,0
DA:85,0
DA:86,0
DA:89,0
DA:93,0
DA:94,0
DA:95,0
DA:96,0
DA:97,0
DA:98,0
DA:99,0
DA:101,0
DA:119,0
DA:120,0
DA:121,0
LF:45
LH:1
BRDA:5,0,0,27
BRDA:5,1,0,27
BRDA:38,2,0,0
BRDA:38,2,1,0
BRDA:42,3,0,0
BRDA:42,3,1,0
BRDA:73,4,0,0
BRDA:73,4,1,0
BRDA:84,5,0,0
BRDA:84,5,1,0
BRDA:95,6,0,0
BRDA:95,6,1,0
BRF:12
BRH:2
end_of_record
