TN:
SF:src\drill.js
FN:8,(anonymous_0)
FN:17,(anonymous_1)
FN:27,(anonymous_2)
FN:57,(anonymous_3)
FN:63,(anonymous_4)
FN:68,(anonymous_5)
FNF:6
FNH:6
FNDA:51,(anonymous_0)
FNDA:1,(anonymous_1)
FNDA:1,(anonymous_2)
FNDA:4,(anonymous_3)
FNDA:4,(anonymous_4)
FNDA:4,(anonymous_5)
DA:9,51
DA:10,51
DA:11,51
DA:12,51
DA:13,51
DA:14,51
DA:18,1
DA:20,0
DA:21,0
DA:22,0
DA:23,0
DA:24,0
DA:28,1
DA:29,1
DA:30,1
DA:44,1
DA:45,0
DA:47,0
DA:48,0
DA:50,0
DA:51,0
DA:53,0
DA:58,4
DA:59,4
DA:64,4
DA:65,4
DA:70,4
LF:27
LH:16
BRDA:8,0,0,0
BRDA:8,1,0,0
BRDA:8,2,0,0
BRDA:8,3,0,0
BRF:4
BRH:0
end_of_record
TN:
SF:src\storage.js
FN:2,(anonymous_0)
FN:10,(anonymous_1)
FN:16,(anonymous_2)
FN:22,(anonymous_3)
FNF:4
FNH:4
FNDA:1,(anonymous_0)
FNDA:1,(anonymous_1)
FNDA:6,(anonymous_2)
FNDA:2,(anonymous_3)
DA:3,1
DA:4,1
DA:5,1
DA:6,1
DA:7,1
DA:11,1
DA:12,1
DA:13,1
DA:17,6
DA:18,6
DA:19,6
DA:23,2
DA:24,2
DA:25,2
DA:26,12
DA:27,12
DA:28,6
DA:29,6
DA:32,2
LF:19
LH:19
BRDA:27,0,0,6
BRDA:27,0,1,6
BRF:2
BRH:2
end_of_record
TN:
SF:src\training.js
FN:5,(anonymous_0)
FN:14,(anonymous_1)
FN:20,(anonymous_2)
FN:26,(anonymous_3)
FN:34,(anonymous_4)
FN:35,(anonymous_5)
FN:47,(anonymous_6)
FN:67,(anonymous_7)
FN:78,(anonymous_8)
FN:90,(anonymous_9)
FN:116,(anonymous_10)
FNF:11
FNH:11
FNDA:31,(anonymous_0)
FNDA:51,(anonymous_1)
FNDA:2,(anonymous_2)
FNDA:1,(anonymous_3)
FNDA:12,(anonymous_4)
FNDA:22,(anonymous_5)
FNDA:3,(anonymous_6)
FNDA:1,(anonymous_7)
FNDA:10,(anonymous_8)
FNDA:5,(anonymous_9)
FNDA:3,(anonymous_10)
DA:6,31
DA:7,31
DA:8,31
DA:9,31
DA:10,31
DA:11,31
DA:15,51
DA:16,51
DA:17,51
DA:22,2
DA:23,2
DA:27,1
DA:28,1
DA:29,1
DA:31,0
DA:35,12
DA:36,22
DA:37,0
DA:40,22
DA:41,0
DA:43,22
DA:48,3
DA:49,3
DA:63,3
DA:64,3
DA:68,1
DA:69,1
DA:70,1
DA:71,4
DA:72,0
DA:75,1
DA:79,10
DA:80,10
DA:81,10
DA:82,26
DA:83,3
DA:84,3
DA:87,10
DA:91,5
DA:92,5
DA:93,5
DA:94,0
DA:95,0
DA:96,0
DA:97,0
DA:99,5
DA:117,3
DA:118,3
DA:119,3
LF:49
LH:41
BRDA:5,0,0,28
BRDA:5,1,0,31
BRDA:5,2,0,31
BRDA:36,3,0,0
BRDA:36,3,1,22
BRDA:40,4,0,0
BRDA:40,4,1,22
BRDA:71,5,0,0
BRDA:71,5,1,4
BRDA:82,6,0,3
BRDA:82,6,1,23
BRDA:93,7,0,0
BRDA:93,7,1,5
BRF:13
BRH:9
end_of_record
